This is pdfTeX, Version 3.14159265-2.6-1.40.21 (TeX Live 2020/W32TeX) (preloaded format=pdflatex 2020.9.4)  4 SEP 2020 14:33
entering extended mode
 restricted \write18 enabled.
 %&-line parsing enabled.
**print_images.tex
(./print_images.tex
LaTeX2e <2020-02-02> patch level 5
L3 programming layer <2020-09-03> (c:/Users/Apste/AppData/Roaming/TinyTeX/texmf
-dist/tex/latex/base/article.cls
Document Class: article 2019/12/20 v1.4l Standard LaTeX document class
(c:/Users/Apste/AppData/Roaming/TinyTeX/texmf-dist/tex/latex/base/size10.clo
File: size10.clo 2019/12/20 v1.4l Standard LaTeX file (size option)
)
\c@part=\count168
\c@section=\count169
\c@subsection=\count170
\c@subsubsection=\count171
\c@paragraph=\count172
\c@subparagraph=\count173
\c@figure=\count174
\c@table=\count175
\abovecaptionskip=\skip47
\belowcaptionskip=\skip48
\bibindent=\dimen134
) (c:/Users/Apste/AppData/Roaming/TinyTeX/texmf-dist/tex/latex/lm/lmodern.sty
Package: lmodern 2009/10/30 v1.6 Latin Modern Fonts
LaTeX Font Info:    Overwriting symbol font `operators' in version `normal'
(Font)                  OT1/cmr/m/n --> OT1/lmr/m/n on input line 22.
LaTeX Font Info:    Overwriting symbol font `letters' in version `normal'
(Font)                  OML/cmm/m/it --> OML/lmm/m/it on input line 23.
LaTeX Font Info:    Overwriting symbol font `symbols' in version `normal'
(Font)                  OMS/cmsy/m/n --> OMS/lmsy/m/n on input line 24.
LaTeX Font Info:    Overwriting symbol font `largesymbols' in version `normal'
(Font)                  OMX/cmex/m/n --> OMX/lmex/m/n on input line 25.
LaTeX Font Info:    Overwriting symbol font `operators' in version `bold'
(Font)                  OT1/cmr/bx/n --> OT1/lmr/bx/n on input line 26.
LaTeX Font Info:    Overwriting symbol font `letters' in version `bold'
(Font)                  OML/cmm/b/it --> OML/lmm/b/it on input line 27.
LaTeX Font Info:    Overwriting symbol font `symbols' in version `bold'
(Font)                  OMS/cmsy/b/n --> OMS/lmsy/b/n on input line 28.
LaTeX Font Info:    Overwriting symbol font `largesymbols' in version `bold'
(Font)                  OMX/cmex/m/n --> OMX/lmex/m/n on input line 29.
LaTeX Font Info:    Overwriting math alphabet `\mathbf' in version `normal'
(Font)                  OT1/cmr/bx/n --> OT1/lmr/bx/n on input line 31.
LaTeX Font Info:    Overwriting math alphabet `\mathsf' in version `normal'
(Font)                  OT1/cmss/m/n --> OT1/lmss/m/n on input line 32.
LaTeX Font Info:    Overwriting math alphabet `\mathit' in version `normal'
(Font)                  OT1/cmr/m/it --> OT1/lmr/m/it on input line 33.
LaTeX Font Info:    Overwriting math alphabet `\mathtt' in version `normal'
(Font)                  OT1/cmtt/m/n --> OT1/lmtt/m/n on input line 34.
LaTeX Font Info:    Overwriting math alphabet `\mathbf' in version `bold'
(Font)                  OT1/cmr/bx/n --> OT1/lmr/bx/n on input line 35.
LaTeX Font Info:    Overwriting math alphabet `\mathsf' in version `bold'
(Font)                  OT1/cmss/bx/n --> OT1/lmss/bx/n on input line 36.
LaTeX Font Info:    Overwriting math alphabet `\mathit' in version `bold'
(Font)                  OT1/cmr/bx/it --> OT1/lmr/bx/it on input line 37.
LaTeX Font Info:    Overwriting math alphabet `\mathtt' in version `bold'
(Font)                  OT1/cmtt/m/n --> OT1/lmtt/m/n on input line 38.
)
(c:/Users/Apste/AppData/Roaming/TinyTeX/texmf-dist/tex/latex/amsfonts/amssymb.s
ty
Package: amssymb 2013/01/14 v3.01 AMS font symbols

(c:/Users/Apste/AppData/Roaming/TinyTeX/texmf-dist/tex/latex/amsfonts/amsfonts.
sty
Package: amsfonts 2013/01/14 v3.01 Basic AMSFonts support
\@emptytoks=\toks15
\symAMSa=\mathgroup4
\symAMSb=\mathgroup5
LaTeX Font Info:    Redeclaring math symbol \hbar on input line 98.
LaTeX Font Info:    Overwriting math alphabet `\mathfrak' in version `bold'
(Font)                  U/euf/m/n --> U/euf/b/n on input line 106.
))
(c:/Users/Apste/AppData/Roaming/TinyTeX/texmf-dist/tex/latex/amsmath/amsmath.st
y
Package: amsmath 2020/01/20 v2.17e AMS math features
\@mathmargin=\skip49
For additional information on amsmath, use the `?' option.

(c:/Users/Apste/AppData/Roaming/TinyTeX/texmf-dist/tex/latex/amsmath/amstext.st
y
Package: amstext 2000/06/29 v2.01 AMS text

(c:/Users/Apste/AppData/Roaming/TinyTeX/texmf-dist/tex/latex/amsmath/amsgen.sty
File: amsgen.sty 1999/11/30 v2.0 generic functions
\@emptytoks=\toks16
\ex@=\dimen135
))
(c:/Users/Apste/AppData/Roaming/TinyTeX/texmf-dist/tex/latex/amsmath/amsbsy.sty
Package: amsbsy 1999/11/29 v1.2d Bold Symbols
\pmbraise@=\dimen136
)
(c:/Users/Apste/AppData/Roaming/TinyTeX/texmf-dist/tex/latex/amsmath/amsopn.sty
Package: amsopn 2016/03/08 v2.02 operator names
)
\inf@bad=\count176
LaTeX Info: Redefining \frac on input line 227.
\uproot@=\count177
\leftroot@=\count178
LaTeX Info: Redefining \overline on input line 389.
\classnum@=\count179
\DOTSCASE@=\count180
LaTeX Info: Redefining \ldots on input line 486.
LaTeX Info: Redefining \dots on input line 489.
LaTeX Info: Redefining \cdots on input line 610.
\Mathstrutbox@=\box45
\strutbox@=\box46
\big@size=\dimen137
LaTeX Font Info:    Redeclaring font encoding OML on input line 733.
LaTeX Font Info:    Redeclaring font encoding OMS on input line 734.
\macc@depth=\count181
\c@MaxMatrixCols=\count182
\dotsspace@=\muskip16
\c@parentequation=\count183
\dspbrk@lvl=\count184
\tag@help=\toks17
\row@=\count185
\column@=\count186
\maxfields@=\count187
\andhelp@=\toks18
\eqnshift@=\dimen138
\alignsep@=\dimen139
\tagshift@=\dimen140
\tagwidth@=\dimen141
\totwidth@=\dimen142
\lineht@=\dimen143
\@envbody=\toks19
\multlinegap=\skip50
\multlinetaggap=\skip51
\mathdisplay@stack=\toks20
LaTeX Info: Redefining \[ on input line 2859.
LaTeX Info: Redefining \] on input line 2860.
)
(c:/Users/Apste/AppData/Roaming/TinyTeX/texmf-dist/tex/generic/iftex/ifxetex.st
y
Package: ifxetex 2019/10/25 v0.7 ifxetex legacy package. Use iftex instead.
(c:/Users/Apste/AppData/Roaming/TinyTeX/texmf-dist/tex/generic/iftex/iftex.sty
Package: iftex 2020/03/06 v1.0d TeX engine tests
))
(c:/Users/Apste/AppData/Roaming/TinyTeX/texmf-dist/tex/generic/iftex/ifluatex.s
ty
Package: ifluatex 2019/10/25 v1.5 ifluatex legacy package. Use iftex instead.
) (c:/Users/Apste/AppData/Roaming/TinyTeX/texmf-dist/tex/latex/base/fontenc.sty
Package: fontenc 2020/02/11 v2.0o Standard LaTeX package
LaTeX Font Info:    Trying to load font information for T1+lmr on input line 11
2.
(c:/Users/Apste/AppData/Roaming/TinyTeX/texmf-dist/tex/latex/lm/t1lmr.fd
File: t1lmr.fd 2009/10/30 v1.6 Font defs for Latin Modern
)) (c:/Users/Apste/AppData/Roaming/TinyTeX/texmf-dist/tex/latex/base/inputenc.s
ty
Package: inputenc 2018/08/11 v1.3c Input encoding file
\inpenc@prehook=\toks21
\inpenc@posthook=\toks22
) (c:/Users/Apste/AppData/Roaming/TinyTeX/texmf-dist/tex/latex/base/textcomp.st
y
Package: textcomp 2020/02/02 v2.0n Standard LaTeX package
) (c:/Users/Apste/AppData/Roaming/TinyTeX/texmf-dist/tex/latex/xcolor/xcolor.st
y
Package: xcolor 2016/05/11 v2.12 LaTeX color extensions (UK)

(c:/Users/Apste/AppData/Roaming/TinyTeX/texmf-dist/tex/latex/graphics-cfg/color
.cfg
File: color.cfg 2016/01/02 v1.6 sample color configuration
)
Package xcolor Info: Driver file: pdftex.def on input line 225.

(c:/Users/Apste/AppData/Roaming/TinyTeX/texmf-dist/tex/latex/graphics-def/pdfte
x.def
File: pdftex.def 2020/08/26 v1.2 Graphics/color driver for pdftex
)
Package xcolor Info: Model `cmy' substituted by `cmy0' on input line 1348.
Package xcolor Info: Model `hsb' substituted by `rgb' on input line 1352.
Package xcolor Info: Model `RGB' extended on input line 1364.
Package xcolor Info: Model `HTML' substituted by `rgb' on input line 1366.
Package xcolor Info: Model `Hsb' substituted by `hsb' on input line 1367.
Package xcolor Info: Model `tHsb' substituted by `hsb' on input line 1368.
Package xcolor Info: Model `HSB' substituted by `hsb' on input line 1369.
Package xcolor Info: Model `Gray' substituted by `gray' on input line 1370.
Package xcolor Info: Model `wave' substituted by `hsb' on input line 1371.
)
(c:/Users/Apste/AppData/Roaming/TinyTeX/texmf-dist/tex/latex/hyperref/hyperref.
sty
Package: hyperref 2020-05-15 v7.00e Hypertext links for LaTeX

(c:/Users/Apste/AppData/Roaming/TinyTeX/texmf-dist/tex/generic/ltxcmds/ltxcmds.
sty
Package: ltxcmds 2019/12/15 v1.24 LaTeX kernel commands for general use (HO)
)
(c:/Users/Apste/AppData/Roaming/TinyTeX/texmf-dist/tex/generic/pdftexcmds/pdfte
xcmds.sty
Package: pdftexcmds 2020-06-27 v0.33 Utility functions of pdfTeX for LuaTeX (HO
)

(c:/Users/Apste/AppData/Roaming/TinyTeX/texmf-dist/tex/generic/infwarerr/infwar
err.sty
Package: infwarerr 2019/12/03 v1.5 Providing info/warning/error messages (HO)
)
Package pdftexcmds Info: \pdf@primitive is available.
Package pdftexcmds Info: \pdf@ifprimitive is available.
Package pdftexcmds Info: \pdfdraftmode found.
)
(c:/Users/Apste/AppData/Roaming/TinyTeX/texmf-dist/tex/latex/graphics/keyval.st
y
Package: keyval 2014/10/28 v1.15 key=value parser (DPC)
\KV@toks@=\toks23
)
(c:/Users/Apste/AppData/Roaming/TinyTeX/texmf-dist/tex/generic/kvsetkeys/kvsetk
eys.sty
Package: kvsetkeys 2019/12/15 v1.18 Key value parser (HO)
)
(c:/Users/Apste/AppData/Roaming/TinyTeX/texmf-dist/tex/generic/kvdefinekeys/kvd
efinekeys.sty
Package: kvdefinekeys 2019-12-19 v1.6 Define keys (HO)
)
(c:/Users/Apste/AppData/Roaming/TinyTeX/texmf-dist/tex/generic/pdfescape/pdfesc
ape.sty
Package: pdfescape 2019/12/09 v1.15 Implements pdfTeX's escape features (HO)
)
(c:/Users/Apste/AppData/Roaming/TinyTeX/texmf-dist/tex/latex/hycolor/hycolor.st
y
Package: hycolor 2020-01-27 v1.10 Color options for hyperref/bookmark (HO)
)
(c:/Users/Apste/AppData/Roaming/TinyTeX/texmf-dist/tex/latex/letltxmacro/letltx
macro.sty
Package: letltxmacro 2019/12/03 v1.6 Let assignment for LaTeX macros (HO)
)
(c:/Users/Apste/AppData/Roaming/TinyTeX/texmf-dist/tex/latex/auxhook/auxhook.st
y
Package: auxhook 2019-12-17 v1.6 Hooks for auxiliary files (HO)
)
(c:/Users/Apste/AppData/Roaming/TinyTeX/texmf-dist/tex/latex/kvoptions/kvoption
s.sty
Package: kvoptions 2019/11/29 v3.13 Key value format for package options (HO)
)
\@linkdim=\dimen144
\Hy@linkcounter=\count188
\Hy@pagecounter=\count189

(c:/Users/Apste/AppData/Roaming/TinyTeX/texmf-dist/tex/latex/hyperref/pd1enc.de
f
File: pd1enc.def 2020-05-15 v7.00e Hyperref: PDFDocEncoding definition (HO)
Now handling font encoding PD1 ...
... no UTF-8 mapping file for font encoding PD1
)
(c:/Users/Apste/AppData/Roaming/TinyTeX/texmf-dist/tex/generic/intcalc/intcalc.
sty
Package: intcalc 2019/12/15 v1.3 Expandable calculations with integers (HO)
)
(c:/Users/Apste/AppData/Roaming/TinyTeX/texmf-dist/tex/generic/etexcmds/etexcmd
s.sty
Package: etexcmds 2019/12/15 v1.7 Avoid name clashes with e-TeX commands (HO)
)
\Hy@SavedSpaceFactor=\count190
Package hyperref Info: Option `unicode' set `true' on input line 4338.

(c:/Users/Apste/AppData/Roaming/TinyTeX/texmf-dist/tex/latex/hyperref/puenc.def
File: puenc.def 2020-05-15 v7.00e Hyperref: PDF Unicode definition (HO)
Now handling font encoding PU ...
... no UTF-8 mapping file for font encoding PU
)
Package hyperref Info: Hyper figures OFF on input line 4464.
Package hyperref Info: Link nesting OFF on input line 4469.
Package hyperref Info: Hyper index ON on input line 4472.
Package hyperref Info: Plain pages OFF on input line 4479.
Package hyperref Info: Backreferencing OFF on input line 4484.
Package hyperref Info: Implicit mode ON; LaTeX internals redefined.
Package hyperref Info: Bookmarks ON on input line 4717.
\c@Hy@tempcnt=\count191
(c:/Users/Apste/AppData/Roaming/TinyTeX/texmf-dist/tex/latex/url/url.sty
\Urlmuskip=\muskip17
Package: url 2013/09/16  ver 3.4  Verb mode for urls, etc.
)
LaTeX Info: Redefining \url on input line 5076.
\XeTeXLinkMargin=\dimen145

(c:/Users/Apste/AppData/Roaming/TinyTeX/texmf-dist/tex/generic/bitset/bitset.st
y
Package: bitset 2019/12/09 v1.3 Handle bit-vector datatype (HO)

(c:/Users/Apste/AppData/Roaming/TinyTeX/texmf-dist/tex/generic/bigintcalc/bigin
tcalc.sty
Package: bigintcalc 2019/12/15 v1.5 Expandable calculations on big integers (HO
)
))
\Fld@menulength=\count192
\Field@Width=\dimen146
\Fld@charsize=\dimen147
Package hyperref Info: Hyper figures OFF on input line 6347.
Package hyperref Info: Link nesting OFF on input line 6352.
Package hyperref Info: Hyper index ON on input line 6355.
Package hyperref Info: backreferencing OFF on input line 6362.
Package hyperref Info: Link coloring OFF on input line 6367.
Package hyperref Info: Link coloring with OCG OFF on input line 6372.
Package hyperref Info: PDF/A mode OFF on input line 6377.
LaTeX Info: Redefining \ref on input line 6417.
LaTeX Info: Redefining \pageref on input line 6421.

(c:/Users/Apste/AppData/Roaming/TinyTeX/texmf-dist/tex/generic/atbegshi/atbegsh
i.sty
Package: atbegshi 2019/12/05 v1.19 At begin shipout hook (HO)
)
\Hy@abspage=\count193
\c@Item=\count194
\c@Hfootnote=\count195
)
Package hyperref Info: Driver (autodetected): hpdftex.

(c:/Users/Apste/AppData/Roaming/TinyTeX/texmf-dist/tex/latex/hyperref/hpdftex.d
ef
File: hpdftex.def 2020-05-15 v7.00e Hyperref driver for pdfTeX

(c:/Users/Apste/AppData/Roaming/TinyTeX/texmf-dist/tex/latex/atveryend/atveryen
d.sty
Package: atveryend 2019-12-11 v1.11 Hooks at the very end of document (HO)
Package atveryend Info: \enddocument detected (standard20110627).
)
\Fld@listcount=\count196
\c@bookmark@seq@number=\count197

(c:/Users/Apste/AppData/Roaming/TinyTeX/texmf-dist/tex/latex/rerunfilecheck/rer
unfilecheck.sty
Package: rerunfilecheck 2019/12/05 v1.9 Rerun checks for auxiliary files (HO)

(c:/Users/Apste/AppData/Roaming/TinyTeX/texmf-dist/tex/generic/uniquecounter/un
iquecounter.sty
Package: uniquecounter 2019/12/15 v1.4 Provide unlimited unique counter (HO)
)
Package uniquecounter Info: New unique counter `rerunfilecheck' on input line 2
86.
)
\Hy@SectionHShift=\skip52
)
(c:/Users/Apste/AppData/Roaming/TinyTeX/texmf-dist/tex/latex/geometry/geometry.
sty
Package: geometry 2020/01/02 v5.9 Page Geometry

(c:/Users/Apste/AppData/Roaming/TinyTeX/texmf-dist/tex/generic/iftex/ifvtex.sty
Package: ifvtex 2019/10/25 v1.7 ifvtex legacy package. Use iftex instead.
)
\Gm@cnth=\count198
\Gm@cntv=\count199
\c@Gm@tempcnt=\count266
\Gm@bindingoffset=\dimen148
\Gm@wd@mp=\dimen149
\Gm@odd@mp=\dimen150
\Gm@even@mp=\dimen151
\Gm@layoutwidth=\dimen152
\Gm@layoutheight=\dimen153
\Gm@layouthoffset=\dimen154
\Gm@layoutvoffset=\dimen155
\Gm@dimlist=\toks24
)
(c:/Users/Apste/AppData/Roaming/TinyTeX/texmf-dist/tex/latex/graphics/graphicx.
sty
Package: graphicx 2019/11/30 v1.2a Enhanced LaTeX Graphics (DPC,SPQR)

(c:/Users/Apste/AppData/Roaming/TinyTeX/texmf-dist/tex/latex/graphics/graphics.
sty
Package: graphics 2019/11/30 v1.4a Standard LaTeX Graphics (DPC,SPQR)
(c:/Users/Apste/AppData/Roaming/TinyTeX/texmf-dist/tex/latex/graphics/trig.sty
Package: trig 2016/01/03 v1.10 sin cos tan (DPC)
)
(c:/Users/Apste/AppData/Roaming/TinyTeX/texmf-dist/tex/latex/graphics-cfg/graph
ics.cfg
File: graphics.cfg 2016/06/04 v1.11 sample graphics configuration
)
Package graphics Info: Driver file: pdftex.def on input line 105.
)
\Gin@req@height=\dimen156
\Gin@req@width=\dimen157
)
(c:/Users/Apste/AppData/Roaming/TinyTeX/texmf-dist/tex/latex/grffile/grffile.st
y
Package: grffile 2019/11/11 v2.1 Extended file name support for graphics (legac
y)
Package grffile Info: This package is an empty stub for compatibility on input 
line 40.
)
(c:/Users/Apste/AppData/Roaming/TinyTeX/texmf-dist/tex/latex/booktabs/booktabs.
sty
Package: booktabs 2020/01/12 v1.61803398 Publication quality tables
\heavyrulewidth=\dimen158
\lightrulewidth=\dimen159
\cmidrulewidth=\dimen160
\belowrulesep=\dimen161
\belowbottomsep=\dimen162
\aboverulesep=\dimen163
\abovetopsep=\dimen164
\cmidrulesep=\dimen165
\cmidrulekern=\dimen166
\defaultaddspace=\dimen167
\@cmidla=\count267
\@cmidlb=\count268
\@aboverulesep=\dimen168
\@belowrulesep=\dimen169
\@thisruleclass=\count269
\@lastruleclass=\count270
\@thisrulewidth=\dimen170
)
(c:/Users/Apste/AppData/Roaming/TinyTeX/texmf-dist/tex/latex/tools/longtable.st
y
Package: longtable 2020/01/07 v4.13 Multi-page Table package (DPC)
\LTleft=\skip53
\LTright=\skip54
\LTpre=\skip55
\LTpost=\skip56
\LTchunksize=\count271
\LTcapwidth=\dimen171
\LT@head=\box47
\LT@firsthead=\box48
\LT@foot=\box49
\LT@lastfoot=\box50
\LT@cols=\count272
\LT@rows=\count273
\c@LT@tables=\count274
\c@LT@chunks=\count275
\LT@p@ftn=\toks25
) (c:/Users/Apste/AppData/Roaming/TinyTeX/texmf-dist/tex/latex/tools/array.sty
Package: array 2019/08/31 v2.4l Tabular extension package (FMi)
\col@sep=\dimen172
\ar@mcellbox=\box51
\extrarowheight=\dimen173
\NC@list=\toks26
\extratabsurround=\skip57
\backup@length=\skip58
\ar@cellbox=\box52
)
(c:/Users/Apste/AppData/Roaming/TinyTeX/texmf-dist/tex/latex/multirow/multirow.
sty
Package: multirow 2019/05/31 v2.5 Span multiple rows of a table
\multirow@colwidth=\skip59
\multirow@cntb=\count276
\multirow@dima=\skip60
\bigstrutjot=\dimen174
)
(c:/Users/Apste/AppData/Roaming/TinyTeX/texmf-dist/tex/latex/wrapfig/wrapfig.st
y
\wrapoverhang=\dimen175
\WF@size=\dimen176
\c@WF@wrappedlines=\count277
\WF@box=\box53
\WF@everypar=\toks27
Package: wrapfig 2003/01/31  v 3.6
) (c:/Users/Apste/AppData/Roaming/TinyTeX/texmf-dist/tex/latex/float/float.sty
Package: float 2001/11/08 v1.3d Float enhancements (AL)
\c@float@type=\count278
\float@exts=\toks28
\float@box=\box54
\@float@everytoks=\toks29
\@floatcapt=\box55
)
(c:/Users/Apste/AppData/Roaming/TinyTeX/texmf-dist/tex/latex/colortbl/colortbl.
sty
Package: colortbl 2020/01/04 v1.0e Color table columns (DPC)
\everycr=\toks30
\minrowclearance=\skip61
)
(c:/Users/Apste/AppData/Roaming/TinyTeX/texmf-dist/tex/latex/pdflscape/pdflscap
e.sty
Package: pdflscape 2019/12/05 v0.12 Display of landscape pages in PDF (HO)

(c:/Users/Apste/AppData/Roaming/TinyTeX/texmf-dist/tex/latex/graphics/lscape.st
y
Package: lscape 2000/10/22 v3.01 Landscape Pages (DPC)
)
Package pdflscape Info: Auto-detected driver: pdftex on input line 81.
) (c:/Users/Apste/AppData/Roaming/TinyTeX/texmf-dist/tex/latex/tabu/tabu.sty
Package: tabu 2019/01/11 v2.9 - flexible LaTeX tabulars (FC+tabu-fixed)

(c:/Users/Apste/AppData/Roaming/TinyTeX/texmf-dist/tex/latex/varwidth/varwidth.
sty
Package: varwidth 2009/03/30 ver 0.92;  Variable-width minipages
\@vwid@box=\box56
\sift@deathcycles=\count279
\@vwid@loff=\dimen177
\@vwid@roff=\dimen178
)
\c@taburow=\count280
\tabu@nbcols=\count281
\tabu@cnt=\count282
\tabu@Xcol=\count283
\tabu@alloc=\count284
\tabu@nested=\count285
\tabu@target=\dimen179
\tabu@spreadtarget=\dimen180
\tabu@naturalX=\dimen181
\tabucolX=\dimen182
\tabu@Xsum=\dimen183
\extrarowdepth=\dimen184
\abovetabulinesep=\dimen185
\belowtabulinesep=\dimen186
\tabustrutrule=\dimen187
\tabu@thebody=\toks31
\tabu@footnotes=\toks32
\tabu@box=\box57
\tabu@arstrutbox=\box58
\tabu@hleads=\box59
\tabu@vleads=\box60
\tabu@cellskip=\skip62
)
(c:/Users/Apste/AppData/Roaming/TinyTeX/texmf-dist/tex/latex/threeparttable/thr
eeparttable.sty
Package: threeparttable 2003/06/13  v 3.0
\@tempboxb=\box61
)
(c:/Users/Apste/AppData/Roaming/TinyTeX/texmf-dist/tex/latex/threeparttablex/th
reeparttablex.sty
Package: threeparttablex 2013/07/23 v0.3 by daleif

(c:/Users/Apste/AppData/Roaming/TinyTeX/texmf-dist/tex/latex/environ/environ.st
y
Package: environ 2014/05/04 v0.3 A new way to define environments

(c:/Users/Apste/AppData/Roaming/TinyTeX/texmf-dist/tex/latex/trimspaces/trimspa
ces.sty
Package: trimspaces 2009/09/17 v1.1 Trim spaces around a token list
))
\TPTL@width=\skip63
) (c:/Users/Apste/AppData/Roaming/TinyTeX/texmf-dist/tex/generic/ulem/ulem.sty
\UL@box=\box62
\UL@hyphenbox=\box63
\UL@skip=\skip64
\UL@hook=\toks33
\UL@height=\dimen188
\UL@pe=\count286
\UL@pixel=\dimen189
\ULC@box=\box64
Package: ulem 2019/11/18
\ULdepth=\dimen190
)
(c:/Users/Apste/AppData/Roaming/TinyTeX/texmf-dist/tex/latex/makecell/makecell.
sty
Package: makecell 2009/08/03 V0.1e Managing of Tab Column Heads and Cells
\rotheadsize=\dimen191
\c@nlinenum=\count287
\TeXr@lab=\toks34
)
(c:/Users/Apste/AppData/Roaming/TinyTeX/texmf-dist/tex/latex/l3backend/l3backen
d-pdftex.def
File: l3backend-pdftex.def 2020-09-01 L3 backend support: PDF output (pdfTeX)
\l__kernel_color_stack_int=\count288
\l__pdf_internal_box=\box65
)

LaTeX Warning: Unused global option(s):
    [portrait].

(./print_images.aux)
\openout1 = `print_images.aux'.

LaTeX Font Info:    Checking defaults for OML/cmm/m/it on input line 77.
LaTeX Font Info:    ... okay on input line 77.
LaTeX Font Info:    Checking defaults for OMS/cmsy/m/n on input line 77.
LaTeX Font Info:    ... okay on input line 77.
LaTeX Font Info:    Checking defaults for OT1/cmr/m/n on input line 77.
LaTeX Font Info:    ... okay on input line 77.
LaTeX Font Info:    Checking defaults for T1/cmr/m/n on input line 77.
LaTeX Font Info:    ... okay on input line 77.
LaTeX Font Info:    Checking defaults for TS1/cmr/m/n on input line 77.
LaTeX Font Info:    ... okay on input line 77.
LaTeX Font Info:    Checking defaults for OMX/cmex/m/n on input line 77.
LaTeX Font Info:    ... okay on input line 77.
LaTeX Font Info:    Checking defaults for U/cmr/m/n on input line 77.
LaTeX Font Info:    ... okay on input line 77.
LaTeX Font Info:    Checking defaults for PD1/pdf/m/n on input line 77.
LaTeX Font Info:    ... okay on input line 77.
LaTeX Font Info:    Checking defaults for PU/pdf/m/n on input line 77.
LaTeX Font Info:    ... okay on input line 77.

(c:/Users/Apste/AppData/Roaming/TinyTeX/texmf-dist/tex/latex/epstopdf-pkg/epsto
pdf-base.sty
Package: epstopdf-base 2020-01-24 v2.11 Base part for package epstopdf
Package epstopdf-base Info: Redefining graphics rule for `.eps' on input line 4
85.

(c:/Users/Apste/AppData/Roaming/TinyTeX/texmf-dist/tex/latex/latexconfig/epstop
df-sys.cfg
File: epstopdf-sys.cfg 2010/07/13 v1.3 Configuration of (r)epstopdf for TeX Liv
e
))
\AtBeginShipoutBox=\box66
Package hyperref Info: Link coloring OFF on input line 77.

(c:/Users/Apste/AppData/Roaming/TinyTeX/texmf-dist/tex/latex/hyperref/nameref.s
ty
Package: nameref 2019/09/16 v2.46 Cross-referencing by name of section

(c:/Users/Apste/AppData/Roaming/TinyTeX/texmf-dist/tex/latex/refcount/refcount.
sty
Package: refcount 2019/12/15 v3.6 Data extraction from label references (HO)
)
(c:/Users/Apste/AppData/Roaming/TinyTeX/texmf-dist/tex/generic/gettitlestring/g
ettitlestring.sty
Package: gettitlestring 2019/12/15 v1.6 Cleanup title references (HO)
)
\c@section@level=\count289
)
LaTeX Info: Redefining \ref on input line 77.
LaTeX Info: Redefining \pageref on input line 77.
LaTeX Info: Redefining \nameref on input line 77.
(./print_images.out) (./print_images.out)
\@outlinefile=\write3
\openout3 = `print_images.out'.

*geometry* driver: auto-detecting
*geometry* detected driver: pdftex
*geometry* verbose mode - [ preamble ] result:
* driver: pdftex
* paper: <default>
* layout: <same size as paper>
* layoutoffset:(h,v)=(0.0pt,0.0pt)
* modes: 
* h-part:(L,W,R)=(18.06749pt, 578.16002pt, 18.06749pt)
* v-part:(T,H,B)=(18.06749pt, 758.835pt, 18.06749pt)
* \paperwidth=614.295pt
* \paperheight=794.96999pt
* \textwidth=578.16002pt
* \textheight=758.835pt
* \oddsidemargin=-54.2025pt
* \evensidemargin=-54.2025pt
* \topmargin=-91.2025pt
* \headheight=12.0pt
* \headsep=25.0pt
* \topskip=10.0pt
* \footskip=30.0pt
* \marginparwidth=65.0pt
* \marginparsep=11.0pt
* \columnsep=10.0pt
* \skip\footins=9.0pt plus 4.0pt minus 2.0pt
* \hoffset=0.0pt
* \voffset=0.0pt
* \mag=1000
* \@twocolumnfalse
* \@twosidefalse
* \@mparswitchfalse
* \@reversemarginfalse
* (1in=72.27pt=25.4mm, 1cm=28.453pt)

LaTeX Font Info:    Trying to load font information for OT1+lmr on input line 8
7.
(c:/Users/Apste/AppData/Roaming/TinyTeX/texmf-dist/tex/latex/lm/ot1lmr.fd
File: ot1lmr.fd 2009/10/30 v1.6 Font defs for Latin Modern
)
LaTeX Font Info:    Trying to load font information for OML+lmm on input line 8
7.
(c:/Users/Apste/AppData/Roaming/TinyTeX/texmf-dist/tex/latex/lm/omllmm.fd
File: omllmm.fd 2009/10/30 v1.6 Font defs for Latin Modern
)
LaTeX Font Info:    Trying to load font information for OMS+lmsy on input line 
87.
(c:/Users/Apste/AppData/Roaming/TinyTeX/texmf-dist/tex/latex/lm/omslmsy.fd
File: omslmsy.fd 2009/10/30 v1.6 Font defs for Latin Modern
)
LaTeX Font Info:    Trying to load font information for OMX+lmex on input line 
87.
(c:/Users/Apste/AppData/Roaming/TinyTeX/texmf-dist/tex/latex/lm/omxlmex.fd
File: omxlmex.fd 2009/10/30 v1.6 Font defs for Latin Modern
)
LaTeX Font Info:    External font `lmex10' loaded for size
(Font)              <10> on input line 87.
LaTeX Font Info:    External font `lmex10' loaded for size
(Font)              <7> on input line 87.
LaTeX Font Info:    External font `lmex10' loaded for size
(Font)              <5> on input line 87.
LaTeX Font Info:    Trying to load font information for U+msa on input line 87.

(c:/Users/Apste/AppData/Roaming/TinyTeX/texmf-dist/tex/latex/amsfonts/umsa.fd
File: umsa.fd 2013/01/14 v3.01 AMS symbols A
)
LaTeX Font Info:    Trying to load font information for U+msb on input line 87.

(c:/Users/Apste/AppData/Roaming/TinyTeX/texmf-dist/tex/latex/amsfonts/umsb.fd
File: umsb.fd 2013/01/14 v3.01 AMS symbols B
) [1

{c:/Users/Apste/AppData/Roaming/TinyTeX/texmf-var/fonts/map/pdftex/updmap/pdfte
x.map}]
LaTeX Font Info:    Trying to load font information for T1+lmtt on input line 9
0.
(c:/Users/Apste/AppData/Roaming/TinyTeX/texmf-dist/tex/latex/lm/t1lmtt.fd
File: t1lmtt.fd 2009/10/30 v1.6 Font defs for Latin Modern
)
<print_images_files/figure-latex/print_cover-1.pdf, id=22, 469.755pt x 542.025p
t>
File: print_images_files/figure-latex/print_cover-1.pdf Graphic file (type pdf)

<use print_images_files/figure-latex/print_cover-1.pdf>
Package pdftex.def Info: print_images_files/figure-latex/print_cover-1.pdf  use
d on input line 94.
(pdftex.def)             Requested size: 469.75386pt x 542.02367pt.
<print_images_files/figure-latex/print_body-1.pdf, id=23, 578.16pt x 794.97pt>
File: print_images_files/figure-latex/print_body-1.pdf Graphic file (type pdf)
<use print_images_files/figure-latex/print_body-1.pdf>
Package pdftex.def Info: print_images_files/figure-latex/print_body-1.pdf  used
 on input line 96.
(pdftex.def)             Requested size: 551.89548pt x 758.85631pt.
<print_images_files/figure-latex/print_body-2.pdf, id=24, 578.16pt x 794.97pt>
File: print_images_files/figure-latex/print_body-2.pdf Graphic file (type pdf)
<use print_images_files/figure-latex/print_body-2.pdf>
Package pdftex.def Info: print_images_files/figure-latex/print_body-2.pdf  used
 on input line 97.
(pdftex.def)             Requested size: 551.89548pt x 758.85631pt.
<print_images_files/figure-latex/print_body-3.pdf, id=25, 578.16pt x 794.97pt>
File: print_images_files/figure-latex/print_body-3.pdf Graphic file (type pdf)
<use print_images_files/figure-latex/print_body-3.pdf>
Package pdftex.def Info: print_images_files/figure-latex/print_body-3.pdf  used
 on input line 98.
(pdftex.def)             Requested size: 551.89548pt x 758.85631pt.
<print_images_files/figure-latex/print_body-4.pdf, id=26, 578.16pt x 794.97pt>
File: print_images_files/figure-latex/print_body-4.pdf Graphic file (type pdf)
<use print_images_files/figure-latex/print_body-4.pdf>
Package pdftex.def Info: print_images_files/figure-latex/print_body-4.pdf  used
 on input line 99.
(pdftex.def)             Requested size: 551.89548pt x 758.85631pt.
<print_images_files/figure-latex/print_body-5.pdf, id=27, 578.16pt x 794.97pt>
File: print_images_files/figure-latex/print_body-5.pdf Graphic file (type pdf)
<use print_images_files/figure-latex/print_body-5.pdf>
Package pdftex.def Info: print_images_files/figure-latex/print_body-5.pdf  used
 on input line 100.
(pdftex.def)             Requested size: 551.89548pt x 758.85631pt.
<print_images_files/figure-latex/print_body-6.pdf, id=28, 578.16pt x 794.97pt>
File: print_images_files/figure-latex/print_body-6.pdf Graphic file (type pdf)
<use print_images_files/figure-latex/print_body-6.pdf>
Package pdftex.def Info: print_images_files/figure-latex/print_body-6.pdf  used
 on input line 101.
(pdftex.def)             Requested size: 551.89548pt x 758.85631pt.
<print_images_files/figure-latex/print_body-7.pdf, id=29, 578.16pt x 794.97pt>
File: print_images_files/figure-latex/print_body-7.pdf Graphic file (type pdf)
<use print_images_files/figure-latex/print_body-7.pdf>
Package pdftex.def Info: print_images_files/figure-latex/print_body-7.pdf  used
 on input line 102.
(pdftex.def)             Requested size: 551.89548pt x 758.85631pt.
<print_images_files/figure-latex/print_body-8.pdf, id=30, 578.16pt x 794.97pt>
File: print_images_files/figure-latex/print_body-8.pdf Graphic file (type pdf)
<use print_images_files/figure-latex/print_body-8.pdf>
Package pdftex.def Info: print_images_files/figure-latex/print_body-8.pdf  used
 on input line 103.
(pdftex.def)             Requested size: 551.89548pt x 758.85631pt.
<print_images_files/figure-latex/print_body-9.pdf, id=31, 578.16pt x 794.97pt>
File: print_images_files/figure-latex/print_body-9.pdf Graphic file (type pdf)
<use print_images_files/figure-latex/print_body-9.pdf>
Package pdftex.def Info: print_images_files/figure-latex/print_body-9.pdf  used
 on input line 104.
(pdftex.def)             Requested size: 551.89548pt x 758.85631pt.
<print_images_files/figure-latex/print_body-10.pdf, id=32, 578.16pt x 794.97pt>

File: print_images_files/figure-latex/print_body-10.pdf Graphic file (type pdf)

<use print_images_files/figure-latex/print_body-10.pdf>
Package pdftex.def Info: print_images_files/figure-latex/print_body-10.pdf  use
d on input line 105.
(pdftex.def)             Requested size: 551.89548pt x 758.85631pt.
<print_images_files/figure-latex/print_body-11.pdf, id=33, 578.16pt x 794.97pt>

File: print_images_files/figure-latex/print_body-11.pdf Graphic file (type pdf)

<use print_images_files/figure-latex/print_body-11.pdf>
Package pdftex.def Info: print_images_files/figure-latex/print_body-11.pdf  use
d on input line 106.
(pdftex.def)             Requested size: 551.89548pt x 758.85631pt.
<print_images_files/figure-latex/print_body-12.pdf, id=34, 578.16pt x 794.97pt>

File: print_images_files/figure-latex/print_body-12.pdf Graphic file (type pdf)

<use print_images_files/figure-latex/print_body-12.pdf>
Package pdftex.def Info: print_images_files/figure-latex/print_body-12.pdf  use
d on input line 107.
(pdftex.def)             Requested size: 551.89548pt x 758.85631pt.
<print_images_files/figure-latex/print_body-13.pdf, id=35, 578.16pt x 794.97pt>

File: print_images_files/figure-latex/print_body-13.pdf Graphic file (type pdf)

<use print_images_files/figure-latex/print_body-13.pdf>
Package pdftex.def Info: print_images_files/figure-latex/print_body-13.pdf  use
d on input line 108.
(pdftex.def)             Requested size: 551.89548pt x 758.85631pt.
<print_images_files/figure-latex/print_body-14.pdf, id=36, 578.16pt x 794.97pt>

File: print_images_files/figure-latex/print_body-14.pdf Graphic file (type pdf)

<use print_images_files/figure-latex/print_body-14.pdf>
Package pdftex.def Info: print_images_files/figure-latex/print_body-14.pdf  use
d on input line 109.
(pdftex.def)             Requested size: 551.89548pt x 758.85631pt.
<print_images_files/figure-latex/print_body-15.pdf, id=37, 578.16pt x 794.97pt>

File: print_images_files/figure-latex/print_body-15.pdf Graphic file (type pdf)

<use print_images_files/figure-latex/print_body-15.pdf>
Package pdftex.def Info: print_images_files/figure-latex/print_body-15.pdf  use
d on input line 110.
(pdftex.def)             Requested size: 551.89548pt x 758.85631pt.
<print_images_files/figure-latex/print_body-16.pdf, id=38, 578.16pt x 794.97pt>

File: print_images_files/figure-latex/print_body-16.pdf Graphic file (type pdf)

<use print_images_files/figure-latex/print_body-16.pdf>
Package pdftex.def Info: print_images_files/figure-latex/print_body-16.pdf  use
d on input line 111.
(pdftex.def)             Requested size: 551.89548pt x 758.85631pt.
<print_images_files/figure-latex/print_body-17.pdf, id=39, 578.16pt x 794.97pt>

File: print_images_files/figure-latex/print_body-17.pdf Graphic file (type pdf)

<use print_images_files/figure-latex/print_body-17.pdf>
Package pdftex.def Info: print_images_files/figure-latex/print_body-17.pdf  use
d on input line 112.
(pdftex.def)             Requested size: 551.89548pt x 758.85631pt.
<print_images_files/figure-latex/print_body-18.pdf, id=40, 578.16pt x 794.97pt>

File: print_images_files/figure-latex/print_body-18.pdf Graphic file (type pdf)

<use print_images_files/figure-latex/print_body-18.pdf>
Package pdftex.def Info: print_images_files/figure-latex/print_body-18.pdf  use
d on input line 113.
(pdftex.def)             Requested size: 551.89548pt x 758.85631pt.
<print_images_files/figure-latex/print_body-19.pdf, id=41, 578.16pt x 794.97pt>

File: print_images_files/figure-latex/print_body-19.pdf Graphic file (type pdf)

<use print_images_files/figure-latex/print_body-19.pdf>
Package pdftex.def Info: print_images_files/figure-latex/print_body-19.pdf  use
d on input line 114.
(pdftex.def)             Requested size: 551.89548pt x 758.85631pt.
<print_images_files/figure-latex/print_body-20.pdf, id=42, 578.16pt x 794.97pt>

File: print_images_files/figure-latex/print_body-20.pdf Graphic file (type pdf)

<use print_images_files/figure-latex/print_body-20.pdf>
Package pdftex.def Info: print_images_files/figure-latex/print_body-20.pdf  use
d on input line 115.
(pdftex.def)             Requested size: 551.89548pt x 758.85631pt.
<print_images_files/figure-latex/print_body-21.pdf, id=43, 578.16pt x 794.97pt>

File: print_images_files/figure-latex/print_body-21.pdf Graphic file (type pdf)

<use print_images_files/figure-latex/print_body-21.pdf>
Package pdftex.def Info: print_images_files/figure-latex/print_body-21.pdf  use
d on input line 116.
(pdftex.def)             Requested size: 551.89548pt x 758.85631pt.
<print_images_files/figure-latex/print_body-22.pdf, id=44, 578.16pt x 794.97pt>

File: print_images_files/figure-latex/print_body-22.pdf Graphic file (type pdf)

<use print_images_files/figure-latex/print_body-22.pdf>
Package pdftex.def Info: print_images_files/figure-latex/print_body-22.pdf  use
d on input line 117.
(pdftex.def)             Requested size: 551.89548pt x 758.85631pt.
<print_images_files/figure-latex/print_body-23.pdf, id=45, 578.16pt x 794.97pt>

File: print_images_files/figure-latex/print_body-23.pdf Graphic file (type pdf)

<use print_images_files/figure-latex/print_body-23.pdf>
Package pdftex.def Info: print_images_files/figure-latex/print_body-23.pdf  use
d on input line 118.
(pdftex.def)             Requested size: 551.89548pt x 758.85631pt.
<print_images_files/figure-latex/print_body-24.pdf, id=46, 578.16pt x 794.97pt>

File: print_images_files/figure-latex/print_body-24.pdf Graphic file (type pdf)

<use print_images_files/figure-latex/print_body-24.pdf>
Package pdftex.def Info: print_images_files/figure-latex/print_body-24.pdf  use
d on input line 119.
(pdftex.def)             Requested size: 551.89548pt x 758.85631pt.
<print_images_files/figure-latex/print_body-25.pdf, id=47, 578.16pt x 794.97pt>

File: print_images_files/figure-latex/print_body-25.pdf Graphic file (type pdf)

<use print_images_files/figure-latex/print_body-25.pdf>
Package pdftex.def Info: print_images_files/figure-latex/print_body-25.pdf  use
d on input line 120.
(pdftex.def)             Requested size: 551.89548pt x 758.85631pt.
<print_images_files/figure-latex/print_body-26.pdf, id=48, 578.16pt x 794.97pt>

File: print_images_files/figure-latex/print_body-26.pdf Graphic file (type pdf)

<use print_images_files/figure-latex/print_body-26.pdf>
Package pdftex.def Info: print_images_files/figure-latex/print_body-26.pdf  use
d on input line 121.
(pdftex.def)             Requested size: 551.89548pt x 758.85631pt.
<print_images_files/figure-latex/print_body-27.pdf, id=49, 578.16pt x 794.97pt>

File: print_images_files/figure-latex/print_body-27.pdf Graphic file (type pdf)

<use print_images_files/figure-latex/print_body-27.pdf>
Package pdftex.def Info: print_images_files/figure-latex/print_body-27.pdf  use
d on input line 122.
(pdftex.def)             Requested size: 551.89548pt x 758.85631pt.
<print_images_files/figure-latex/print_body-28.pdf, id=50, 578.16pt x 794.97pt>

File: print_images_files/figure-latex/print_body-28.pdf Graphic file (type pdf)

<use print_images_files/figure-latex/print_body-28.pdf>
Package pdftex.def Info: print_images_files/figure-latex/print_body-28.pdf  use
d on input line 123.
(pdftex.def)             Requested size: 551.89548pt x 758.85631pt.
<print_images_files/figure-latex/print_body-29.pdf, id=51, 578.16pt x 794.97pt>

File: print_images_files/figure-latex/print_body-29.pdf Graphic file (type pdf)

<use print_images_files/figure-latex/print_body-29.pdf>
Package pdftex.def Info: print_images_files/figure-latex/print_body-29.pdf  use
d on input line 124.
(pdftex.def)             Requested size: 551.89548pt x 758.85631pt.
<print_images_files/figure-latex/print_body-30.pdf, id=52, 578.16pt x 794.97pt>

File: print_images_files/figure-latex/print_body-30.pdf Graphic file (type pdf)

<use print_images_files/figure-latex/print_body-30.pdf>
Package pdftex.def Info: print_images_files/figure-latex/print_body-30.pdf  use
d on input line 125.
(pdftex.def)             Requested size: 551.89548pt x 758.85631pt.
<print_images_files/figure-latex/print_body-31.pdf, id=53, 578.16pt x 794.97pt>

File: print_images_files/figure-latex/print_body-31.pdf Graphic file (type pdf)

<use print_images_files/figure-latex/print_body-31.pdf>
Package pdftex.def Info: print_images_files/figure-latex/print_body-31.pdf  use
d on input line 126.
(pdftex.def)             Requested size: 551.89548pt x 758.85631pt.
<print_images_files/figure-latex/print_body-32.pdf, id=54, 578.16pt x 794.97pt>

File: print_images_files/figure-latex/print_body-32.pdf Graphic file (type pdf)

<use print_images_files/figure-latex/print_body-32.pdf>
Package pdftex.def Info: print_images_files/figure-latex/print_body-32.pdf  use
d on input line 127.
(pdftex.def)             Requested size: 551.89548pt x 758.85631pt.
<print_images_files/figure-latex/print_body-33.pdf, id=55, 578.16pt x 794.97pt>

File: print_images_files/figure-latex/print_body-33.pdf Graphic file (type pdf)

<use print_images_files/figure-latex/print_body-33.pdf>
Package pdftex.def Info: print_images_files/figure-latex/print_body-33.pdf  use
d on input line 128.
(pdftex.def)             Requested size: 551.89548pt x 758.85631pt.
<print_images_files/figure-latex/print_body-34.pdf, id=56, 578.16pt x 794.97pt>

File: print_images_files/figure-latex/print_body-34.pdf Graphic file (type pdf)

<use print_images_files/figure-latex/print_body-34.pdf>
Package pdftex.def Info: print_images_files/figure-latex/print_body-34.pdf  use
d on input line 129.
(pdftex.def)             Requested size: 551.89548pt x 758.85631pt.
<print_images_files/figure-latex/print_body-35.pdf, id=57, 578.16pt x 794.97pt>

File: print_images_files/figure-latex/print_body-35.pdf Graphic file (type pdf)

<use print_images_files/figure-latex/print_body-35.pdf>
Package pdftex.def Info: print_images_files/figure-latex/print_body-35.pdf  use
d on input line 130.
(pdftex.def)             Requested size: 551.89548pt x 758.85631pt.
<print_images_files/figure-latex/print_body-36.pdf, id=58, 578.16pt x 794.97pt>

File: print_images_files/figure-latex/print_body-36.pdf Graphic file (type pdf)

<use print_images_files/figure-latex/print_body-36.pdf>
Package pdftex.def Info: print_images_files/figure-latex/print_body-36.pdf  use
d on input line 131.
(pdftex.def)             Requested size: 551.89548pt x 758.85631pt.
<print_images_files/figure-latex/print_body-37.pdf, id=59, 578.16pt x 794.97pt>

File: print_images_files/figure-latex/print_body-37.pdf Graphic file (type pdf)

<use print_images_files/figure-latex/print_body-37.pdf>
Package pdftex.def Info: print_images_files/figure-latex/print_body-37.pdf  use
d on input line 132.
(pdftex.def)             Requested size: 551.89548pt x 758.85631pt.
<print_images_files/figure-latex/print_body-38.pdf, id=60, 578.16pt x 794.97pt>

File: print_images_files/figure-latex/print_body-38.pdf Graphic file (type pdf)

<use print_images_files/figure-latex/print_body-38.pdf>
Package pdftex.def Info: print_images_files/figure-latex/print_body-38.pdf  use
d on input line 133.
(pdftex.def)             Requested size: 551.89548pt x 758.85631pt.
<print_images_files/figure-latex/print_body-39.pdf, id=61, 578.16pt x 794.97pt>

File: print_images_files/figure-latex/print_body-39.pdf Graphic file (type pdf)

<use print_images_files/figure-latex/print_body-39.pdf>
Package pdftex.def Info: print_images_files/figure-latex/print_body-39.pdf  use
d on input line 134.
(pdftex.def)             Requested size: 551.89548pt x 758.85631pt.
<print_images_files/figure-latex/print_body-40.pdf, id=62, 578.16pt x 794.97pt>

File: print_images_files/figure-latex/print_body-40.pdf Graphic file (type pdf)

<use print_images_files/figure-latex/print_body-40.pdf>
Package pdftex.def Info: print_images_files/figure-latex/print_body-40.pdf  use
d on input line 135.
(pdftex.def)             Requested size: 551.89548pt x 758.85631pt.
<print_images_files/figure-latex/print_body-41.pdf, id=63, 578.16pt x 794.97pt>

File: print_images_files/figure-latex/print_body-41.pdf Graphic file (type pdf)

<use print_images_files/figure-latex/print_body-41.pdf>
Package pdftex.def Info: print_images_files/figure-latex/print_body-41.pdf  use
d on input line 136.
(pdftex.def)             Requested size: 551.89548pt x 758.85631pt.
<print_images_files/figure-latex/print_body-42.pdf, id=64, 578.16pt x 794.97pt>

File: print_images_files/figure-latex/print_body-42.pdf Graphic file (type pdf)

<use print_images_files/figure-latex/print_body-42.pdf>
Package pdftex.def Info: print_images_files/figure-latex/print_body-42.pdf  use
d on input line 137.
(pdftex.def)             Requested size: 551.89548pt x 758.85631pt.
<print_images_files/figure-latex/print_body-43.pdf, id=65, 578.16pt x 794.97pt>

File: print_images_files/figure-latex/print_body-43.pdf Graphic file (type pdf)

<use print_images_files/figure-latex/print_body-43.pdf>
Package pdftex.def Info: print_images_files/figure-latex/print_body-43.pdf  use
d on input line 138.
(pdftex.def)             Requested size: 551.89548pt x 758.85631pt.
<print_images_files/figure-latex/print_body-44.pdf, id=66, 578.16pt x 794.97pt>

File: print_images_files/figure-latex/print_body-44.pdf Graphic file (type pdf)

<use print_images_files/figure-latex/print_body-44.pdf>
Package pdftex.def Info: print_images_files/figure-latex/print_body-44.pdf  use
d on input line 139.
(pdftex.def)             Requested size: 551.89548pt x 758.85631pt.
<print_images_files/figure-latex/print_body-45.pdf, id=67, 578.16pt x 794.97pt>

File: print_images_files/figure-latex/print_body-45.pdf Graphic file (type pdf)

<use print_images_files/figure-latex/print_body-45.pdf>
Package pdftex.def Info: print_images_files/figure-latex/print_body-45.pdf  use
d on input line 140.
(pdftex.def)             Requested size: 551.89548pt x 758.85631pt.
<print_images_files/figure-latex/print_body-46.pdf, id=68, 578.16pt x 794.97pt>

File: print_images_files/figure-latex/print_body-46.pdf Graphic file (type pdf)

<use print_images_files/figure-latex/print_body-46.pdf>
Package pdftex.def Info: print_images_files/figure-latex/print_body-46.pdf  use
d on input line 141.
(pdftex.def)             Requested size: 551.89548pt x 758.85631pt.
<print_images_files/figure-latex/print_body-47.pdf, id=69, 578.16pt x 794.97pt>

File: print_images_files/figure-latex/print_body-47.pdf Graphic file (type pdf)

<use print_images_files/figure-latex/print_body-47.pdf>
Package pdftex.def Info: print_images_files/figure-latex/print_body-47.pdf  use
d on input line 142.
(pdftex.def)             Requested size: 551.89548pt x 758.85631pt.
<print_images_files/figure-latex/print_body-48.pdf, id=70, 578.16pt x 794.97pt>

File: print_images_files/figure-latex/print_body-48.pdf Graphic file (type pdf)

<use print_images_files/figure-latex/print_body-48.pdf>
Package pdftex.def Info: print_images_files/figure-latex/print_body-48.pdf  use
d on input line 143.
(pdftex.def)             Requested size: 551.89548pt x 758.85631pt.
<print_images_files/figure-latex/print_body-49.pdf, id=71, 578.16pt x 794.97pt>

File: print_images_files/figure-latex/print_body-49.pdf Graphic file (type pdf)

<use print_images_files/figure-latex/print_body-49.pdf>
Package pdftex.def Info: print_images_files/figure-latex/print_body-49.pdf  use
d on input line 144.
(pdftex.def)             Requested size: 551.89548pt x 758.85631pt.
<print_images_files/figure-latex/print_body-50.pdf, id=72, 578.16pt x 794.97pt>

File: print_images_files/figure-latex/print_body-50.pdf Graphic file (type pdf)

<use print_images_files/figure-latex/print_body-50.pdf>
Package pdftex.def Info: print_images_files/figure-latex/print_body-50.pdf  use
d on input line 145.
(pdftex.def)             Requested size: 551.89548pt x 758.85631pt.
<print_images_files/figure-latex/print_body-51.pdf, id=73, 578.16pt x 794.97pt>

File: print_images_files/figure-latex/print_body-51.pdf Graphic file (type pdf)

<use print_images_files/figure-latex/print_body-51.pdf>
Package pdftex.def Info: print_images_files/figure-latex/print_body-51.pdf  use
d on input line 146.
(pdftex.def)             Requested size: 551.89548pt x 758.85631pt.
<print_images_files/figure-latex/print_body-52.pdf, id=74, 578.16pt x 794.97pt>

File: print_images_files/figure-latex/print_body-52.pdf Graphic file (type pdf)

<use print_images_files/figure-latex/print_body-52.pdf>
Package pdftex.def Info: print_images_files/figure-latex/print_body-52.pdf  use
d on input line 147.
(pdftex.def)             Requested size: 551.89548pt x 758.85631pt.
<print_images_files/figure-latex/print_body-53.pdf, id=75, 578.16pt x 794.97pt>

File: print_images_files/figure-latex/print_body-53.pdf Graphic file (type pdf)

<use print_images_files/figure-latex/print_body-53.pdf>
Package pdftex.def Info: print_images_files/figure-latex/print_body-53.pdf  use
d on input line 148.
(pdftex.def)             Requested size: 551.89548pt x 758.85631pt.
<print_images_files/figure-latex/print_body-54.pdf, id=76, 578.16pt x 794.97pt>

File: print_images_files/figure-latex/print_body-54.pdf Graphic file (type pdf)

<use print_images_files/figure-latex/print_body-54.pdf>
Package pdftex.def Info: print_images_files/figure-latex/print_body-54.pdf  use
d on input line 149.
(pdftex.def)             Requested size: 551.89548pt x 758.85631pt.
<print_images_files/figure-latex/print_body-55.pdf, id=77, 578.16pt x 794.97pt>

File: print_images_files/figure-latex/print_body-55.pdf Graphic file (type pdf)

<use print_images_files/figure-latex/print_body-55.pdf>
Package pdftex.def Info: print_images_files/figure-latex/print_body-55.pdf  use
d on input line 150.
(pdftex.def)             Requested size: 551.89548pt x 758.85631pt.
<print_images_files/figure-latex/print_body-56.pdf, id=78, 578.16pt x 794.97pt>

File: print_images_files/figure-latex/print_body-56.pdf Graphic file (type pdf)

<use print_images_files/figure-latex/print_body-56.pdf>
Package pdftex.def Info: print_images_files/figure-latex/print_body-56.pdf  use
d on input line 151.
(pdftex.def)             Requested size: 551.89548pt x 758.85631pt.
<print_images_files/figure-latex/print_body-57.pdf, id=79, 578.16pt x 794.97pt>

File: print_images_files/figure-latex/print_body-57.pdf Graphic file (type pdf)

<use print_images_files/figure-latex/print_body-57.pdf>
Package pdftex.def Info: print_images_files/figure-latex/print_body-57.pdf  use
d on input line 152.
(pdftex.def)             Requested size: 551.89548pt x 758.85631pt.
<print_images_files/figure-latex/print_body-58.pdf, id=80, 578.16pt x 794.97pt>

File: print_images_files/figure-latex/print_body-58.pdf Graphic file (type pdf)

<use print_images_files/figure-latex/print_body-58.pdf>
Package pdftex.def Info: print_images_files/figure-latex/print_body-58.pdf  use
d on input line 153.
(pdftex.def)             Requested size: 551.89548pt x 758.85631pt.
<print_images_files/figure-latex/print_body-59.pdf, id=81, 578.16pt x 794.97pt>

File: print_images_files/figure-latex/print_body-59.pdf Graphic file (type pdf)

<use print_images_files/figure-latex/print_body-59.pdf>
Package pdftex.def Info: print_images_files/figure-latex/print_body-59.pdf  use
d on input line 154.
(pdftex.def)             Requested size: 551.89548pt x 758.85631pt.
<print_images_files/figure-latex/print_body-60.pdf, id=82, 578.16pt x 794.97pt>

File: print_images_files/figure-latex/print_body-60.pdf Graphic file (type pdf)

<use print_images_files/figure-latex/print_body-60.pdf>
Package pdftex.def Info: print_images_files/figure-latex/print_body-60.pdf  use
d on input line 155.
(pdftex.def)             Requested size: 551.89548pt x 758.85631pt.
<print_images_files/figure-latex/print_body-61.pdf, id=83, 578.16pt x 794.97pt>

File: print_images_files/figure-latex/print_body-61.pdf Graphic file (type pdf)

<use print_images_files/figure-latex/print_body-61.pdf>
Package pdftex.def Info: print_images_files/figure-latex/print_body-61.pdf  use
d on input line 156.
(pdftex.def)             Requested size: 551.89548pt x 758.85631pt.
<print_images_files/figure-latex/print_body-62.pdf, id=84, 578.16pt x 794.97pt>

File: print_images_files/figure-latex/print_body-62.pdf Graphic file (type pdf)

<use print_images_files/figure-latex/print_body-62.pdf>
Package pdftex.def Info: print_images_files/figure-latex/print_body-62.pdf  use
d on input line 157.
(pdftex.def)             Requested size: 551.89548pt x 758.85631pt.
<print_images_files/figure-latex/print_body-63.pdf, id=85, 578.16pt x 794.97pt>

File: print_images_files/figure-latex/print_body-63.pdf Graphic file (type pdf)

<use print_images_files/figure-latex/print_body-63.pdf>
Package pdftex.def Info: print_images_files/figure-latex/print_body-63.pdf  use
d on input line 158.
(pdftex.def)             Requested size: 551.89548pt x 758.85631pt.
<print_images_files/figure-latex/print_body-64.pdf, id=86, 578.16pt x 794.97pt>

File: print_images_files/figure-latex/print_body-64.pdf Graphic file (type pdf)

<use print_images_files/figure-latex/print_body-64.pdf>
Package pdftex.def Info: print_images_files/figure-latex/print_body-64.pdf  use
d on input line 159.
(pdftex.def)             Requested size: 551.89548pt x 758.85631pt.
<print_images_files/figure-latex/print_body-65.pdf, id=87, 578.16pt x 794.97pt>

File: print_images_files/figure-latex/print_body-65.pdf Graphic file (type pdf)

<use print_images_files/figure-latex/print_body-65.pdf>
Package pdftex.def Info: print_images_files/figure-latex/print_body-65.pdf  use
d on input line 160.
(pdftex.def)             Requested size: 551.89548pt x 758.85631pt.
<print_images_files/figure-latex/print_body-66.pdf, id=88, 578.16pt x 794.97pt>

File: print_images_files/figure-latex/print_body-66.pdf Graphic file (type pdf)

<use print_images_files/figure-latex/print_body-66.pdf>
Package pdftex.def Info: print_images_files/figure-latex/print_body-66.pdf  use
d on input line 161.
(pdftex.def)             Requested size: 551.89548pt x 758.85631pt.
<print_images_files/figure-latex/print_body-67.pdf, id=89, 578.16pt x 794.97pt>

File: print_images_files/figure-latex/print_body-67.pdf Graphic file (type pdf)

<use print_images_files/figure-latex/print_body-67.pdf>
Package pdftex.def Info: print_images_files/figure-latex/print_body-67.pdf  use
d on input line 162.
(pdftex.def)             Requested size: 551.89548pt x 758.85631pt.
<print_images_files/figure-latex/print_body-68.pdf, id=90, 578.16pt x 794.97pt>

File: print_images_files/figure-latex/print_body-68.pdf Graphic file (type pdf)

<use print_images_files/figure-latex/print_body-68.pdf>
Package pdftex.def Info: print_images_files/figure-latex/print_body-68.pdf  use
d on input line 163.
(pdftex.def)             Requested size: 551.89548pt x 758.85631pt.
<print_images_files/figure-latex/print_body-69.pdf, id=91, 578.16pt x 794.97pt>

File: print_images_files/figure-latex/print_body-69.pdf Graphic file (type pdf)

<use print_images_files/figure-latex/print_body-69.pdf>
Package pdftex.def Info: print_images_files/figure-latex/print_body-69.pdf  use
d on input line 164.
(pdftex.def)             Requested size: 551.89548pt x 758.85631pt.

Underfull \hbox (badness 10000) in paragraph at lines 96--165
[][]
 []


Underfull \hbox (badness 10000) in paragraph at lines 96--165
[]
 []


Underfull \hbox (badness 10000) in paragraph at lines 96--165
[]
 []


Underfull \hbox (badness 10000) in paragraph at lines 96--165
[]
 []


Underfull \hbox (badness 10000) in paragraph at lines 96--165
[]
 []


Underfull \hbox (badness 10000) in paragraph at lines 96--165
[]
 []


Underfull \hbox (badness 10000) in paragraph at lines 96--165
[]
 []


Underfull \hbox (badness 10000) in paragraph at lines 96--165
[]
 []


Underfull \hbox (badness 10000) in paragraph at lines 96--165
[]
 []


Underfull \hbox (badness 10000) in paragraph at lines 96--165
[]
 []


Underfull \hbox (badness 10000) in paragraph at lines 96--165
[]
 []


Underfull \hbox (badness 10000) in paragraph at lines 96--165
[]
 []


Underfull \hbox (badness 10000) in paragraph at lines 96--165
[]
 []


Underfull \hbox (badness 10000) in paragraph at lines 96--165
[]
 []


Underfull \hbox (badness 10000) in paragraph at lines 96--165
[]
 []


Underfull \hbox (badness 10000) in paragraph at lines 96--165
[]
 []


Underfull \hbox (badness 10000) in paragraph at lines 96--165
[]
 []


Underfull \hbox (badness 10000) in paragraph at lines 96--165
[]
 []


Underfull \hbox (badness 10000) in paragraph at lines 96--165
[]
 []


Underfull \hbox (badness 10000) in paragraph at lines 96--165
[]
 []


Underfull \hbox (badness 10000) in paragraph at lines 96--165
[]
 []


Underfull \hbox (badness 10000) in paragraph at lines 96--165
[]
 []


Underfull \hbox (badness 10000) in paragraph at lines 96--165
[]
 []


Underfull \hbox (badness 10000) in paragraph at lines 96--165
[]
 []


Underfull \hbox (badness 10000) in paragraph at lines 96--165
[]
 []


Underfull \hbox (badness 10000) in paragraph at lines 96--165
[]
 []


Underfull \hbox (badness 10000) in paragraph at lines 96--165
[]
 []


Underfull \hbox (badness 10000) in paragraph at lines 96--165
[]
 []


Underfull \hbox (badness 10000) in paragraph at lines 96--165
[]
 []


Underfull \hbox (badness 10000) in paragraph at lines 96--165
[]
 []


Underfull \hbox (badness 10000) in paragraph at lines 96--165
[]
 []


Underfull \hbox (badness 10000) in paragraph at lines 96--165
[]
 []


Underfull \hbox (badness 10000) in paragraph at lines 96--165
[]
 []


Underfull \hbox (badness 10000) in paragraph at lines 96--165
[]
 []


Underfull \hbox (badness 10000) in paragraph at lines 96--165
[]
 []


Underfull \hbox (badness 10000) in paragraph at lines 96--165
[]
 []


Underfull \hbox (badness 10000) in paragraph at lines 96--165
[]
 []


Underfull \hbox (badness 10000) in paragraph at lines 96--165
[]
 []


Underfull \hbox (badness 10000) in paragraph at lines 96--165
[]
 []


Underfull \hbox (badness 10000) in paragraph at lines 96--165
[]
 []


Underfull \hbox (badness 10000) in paragraph at lines 96--165
[]
 []


Underfull \hbox (badness 10000) in paragraph at lines 96--165
[]
 []


Underfull \hbox (badness 10000) in paragraph at lines 96--165
[]
 []


Underfull \hbox (badness 10000) in paragraph at lines 96--165
[]
 []


Underfull \hbox (badness 10000) in paragraph at lines 96--165
[]
 []


Underfull \hbox (badness 10000) in paragraph at lines 96--165
[]
 []


Underfull \hbox (badness 10000) in paragraph at lines 96--165
[]
 []


Underfull \hbox (badness 10000) in paragraph at lines 96--165
[]
 []


Underfull \hbox (badness 10000) in paragraph at lines 96--165
[]
 []


Underfull \hbox (badness 10000) in paragraph at lines 96--165
[]
 []


Underfull \hbox (badness 10000) in paragraph at lines 96--165
[]
 []


Underfull \hbox (badness 10000) in paragraph at lines 96--165
[]
 []


Underfull \hbox (badness 10000) in paragraph at lines 96--165
[]
 []


Underfull \hbox (badness 10000) in paragraph at lines 96--165
[]
 []


Underfull \hbox (badness 10000) in paragraph at lines 96--165
[]
 []


Underfull \hbox (badness 10000) in paragraph at lines 96--165
[]
 []


Underfull \hbox (badness 10000) in paragraph at lines 96--165
[]
 []


Underfull \hbox (badness 10000) in paragraph at lines 96--165
[]
 []


Underfull \hbox (badness 10000) in paragraph at lines 96--165
[]
 []


Underfull \hbox (badness 10000) in paragraph at lines 96--165
[]
 []


Underfull \hbox (badness 10000) in paragraph at lines 96--165
[]
 []


Underfull \hbox (badness 10000) in paragraph at lines 96--165
[]
 []


Underfull \hbox (badness 10000) in paragraph at lines 96--165
[]
 []


Underfull \hbox (badness 10000) in paragraph at lines 96--165
[]
 []


Underfull \hbox (badness 10000) in paragraph at lines 96--165
[]
 []


Underfull \hbox (badness 10000) in paragraph at lines 96--165
[]
 []


Underfull \hbox (badness 10000) in paragraph at lines 96--165
[]
 []


Underfull \hbox (badness 10000) in paragraph at lines 96--165
[]
 []

[2 <./print_images_files/figure-latex/print_cover-1.pdf>] [3 <./print_images_fi
les/figure-latex/print_body-1.pdf>] [4 <./print_images_files/figure-latex/print
_body-2.pdf>] [5 <./print_images_files/figure-latex/print_body-3.pdf>] [6 <./pr
int_images_files/figure-latex/print_body-4.pdf>] [7 <./print_images_files/figur
e-latex/print_body-5.pdf>] [8 <./print_images_files/figure-latex/print_body-6.p
df>] [9 <./print_images_files/figure-latex/print_body-7.pdf>] [10 <./print_imag
es_files/figure-latex/print_body-8.pdf>] [11 <./print_images_files/figure-latex
/print_body-9.pdf>] [12 <./print_images_files/figure-latex/print_body-10.pdf>] 
[13 <./print_images_files/figure-latex/print_body-11.pdf>] [14 <./print_images_
files/figure-latex/print_body-12.pdf>] [15 <./print_images_files/figure-latex/p
rint_body-13.pdf>] [16 <./print_images_files/figure-latex/print_body-14.pdf>] [
17 <./print_images_files/figure-latex/print_body-15.pdf>] [18 <./print_images_f
iles/figure-latex/print_body-16.pdf>] [19 <./print_images_files/figure-latex/pr
int_body-17.pdf>] [20 <./print_images_files/figure-latex/print_body-18.pdf>] [2
1 <./print_images_files/figure-latex/print_body-19.pdf>] [22 <./print_images_fi
les/figure-latex/print_body-20.pdf>] [23 <./print_images_files/figure-latex/pri
nt_body-21.pdf>] [24 <./print_images_files/figure-latex/print_body-22.pdf>] [25
 <./print_images_files/figure-latex/print_body-23.pdf>] [26 <./print_images_fil
es/figure-latex/print_body-24.pdf>] [27 <./print_images_files/figure-latex/prin
t_body-25.pdf>] [28 <./print_images_files/figure-latex/print_body-26.pdf>] [29 
<./print_images_files/figure-latex/print_body-27.pdf>] [30 <./print_images_file
s/figure-latex/print_body-28.pdf>] [31 <./print_images_files/figure-latex/print
_body-29.pdf>] [32 <./print_images_files/figure-latex/print_body-30.pdf>] [33 <
./print_images_files/figure-latex/print_body-31.pdf>] [34 <./print_images_files
/figure-latex/print_body-32.pdf>] [35 <./print_images_files/figure-latex/print_
body-33.pdf>] [36 <./print_images_files/figure-latex/print_body-34.pdf>] [37 <.
/print_images_files/figure-latex/print_body-35.pdf>] [38 <./print_images_files/
figure-latex/print_body-36.pdf>] [39 <./print_images_files/figure-latex/print_b
ody-37.pdf>] [40 <./print_images_files/figure-latex/print_body-38.pdf>] [41 <./
print_images_files/figure-latex/print_body-39.pdf>] [42 <./print_images_files/f
igure-latex/print_body-40.pdf>] [43 <./print_images_files/figure-latex/print_bo
dy-41.pdf>] [44 <./print_images_files/figure-latex/print_body-42.pdf>] [45 <./p
rint_images_files/figure-latex/print_body-43.pdf>] [46 <./print_images_files/fi
gure-latex/print_body-44.pdf>] [47 <./print_images_files/figure-latex/print_bod
y-45.pdf>] [48 <./print_images_files/figure-latex/print_body-46.pdf>] [49 <./pr
int_images_files/figure-latex/print_body-47.pdf>] [50 <./print_images_files/fig
ure-latex/print_body-48.pdf>] [51 <./print_images_files/figure-latex/print_body
-49.pdf>] [52 <./print_images_files/figure-latex/print_body-50.pdf>] [53 <./pri
nt_images_files/figure-latex/print_body-51.pdf>] [54 <./print_images_files/figu
re-latex/print_body-52.pdf>] [55 <./print_images_files/figure-latex/print_body-
53.pdf>] [56 <./print_images_files/figure-latex/print_body-54.pdf>] [57 <./prin
t_images_files/figure-latex/print_body-55.pdf>] [58 <./print_images_files/figur
e-latex/print_body-56.pdf>] [59 <./print_images_files/figure-latex/print_body-5
7.pdf>] [60 <./print_images_files/figure-latex/print_body-58.pdf>] [61 <./print
_images_files/figure-latex/print_body-59.pdf>] [62 <./print_images_files/figure
-latex/print_body-60.pdf>] [63 <./print_images_files/figure-latex/print_body-61
.pdf>] [64 <./print_images_files/figure-latex/print_body-62.pdf>] [65 <./print_
images_files/figure-latex/print_body-63.pdf>] [66 <./print_images_files/figure-
latex/print_body-64.pdf>] [67 <./print_images_files/figure-latex/print_body-65.
pdf>] [68 <./print_images_files/figure-latex/print_body-66.pdf>] [69 <./print_i
mages_files/figure-latex/print_body-67.pdf>] [70 <./print_images_files/figure-l
atex/print_body-68.pdf>]
Package atveryend Info: Empty hook `BeforeClearDocument' on input line 166.
[71 <./print_images_files/figure-latex/print_body-69.pdf>]
Package atveryend Info: Empty hook `AfterLastShipout' on input line 166.
(./print_images.aux)
Package atveryend Info: Executing hook `AtVeryEndDocument' on input line 166.
Package atveryend Info: Executing hook `AtEndAfterFileList' on input line 166.
Package rerunfilecheck Info: File `print_images.out' has not changed.
(rerunfilecheck)             Checksum: 49E97108EE3522B793390199C189968B;587.
Package atveryend Info: Empty hook `AtVeryVeryEnd' on input line 166.
 ) 
Here is how much of TeX's memory you used:
 12390 strings out of 482828
 193285 string characters out of 5954637
 428729 words of memory out of 5000000
 27388 multiletter control sequences out of 15000+600000
 562752 words of font info for 52 fonts, out of 8000000 for 9000
 14 hyphenation exceptions out of 8191
 43i,5n,37p,490b,318s stack positions out of 5000i,500n,10000p,200000b,80000s
{c:/Users/Apste/AppData/Roaming/TinyTeX/texmf-dist/fonts/enc/dvips/lm/lm-ec.e
nc}<c:/Users/Apste/AppData/Roaming/TinyTeX/texmf-dist/fonts/type1/public/lm/lmb
x12.pfb><c:/Users/Apste/AppData/Roaming/TinyTeX/texmf-dist/fonts/type1/public/l
m/lmr10.pfb><c:/Users/Apste/AppData/Roaming/TinyTeX/texmf-dist/fonts/type1/publ
ic/lm/lmtt10.pfb>
Output written on print_images.pdf (71 pages, 439438839 bytes).
PDF statistics:
 702 PDF objects out of 1000 (max. 8388607)
 411 compressed objects within 5 object streams
 76 named destinations out of 1000 (max. 500000)
 367 words of extra memory for PDF output out of 10000 (max. 10000000)

